<?xml version="1.0" encoding="UTF-8"?>
<testng-results skipped="0" failed="0" ignored="0" total="1" passed="1">
  <reporter-output>
  </reporter-output>
  <suite name="AndroidWebRunner" duration-ms="2137" started-at="2021-01-25T11:52:41 IST" finished-at="2021-01-25T11:52:43 IST">
    <groups>
      <group name="cucumber">
        <method signature="AndroidWebRunner.feature(cucumber.api.testng.CucumberFeatureWrapper)[pri:0, instance:com.mktp.mktp_project.testRunner.AndroidWebRunner@5e57643e]" name="feature" class="com.mktp.mktp_project.testRunner.AndroidWebRunner"/>
      </group> <!-- cucumber -->
    </groups>
    <test name="Test2" duration-ms="2137" started-at="2021-01-25T11:52:41 IST" finished-at="2021-01-25T11:52:43 IST">
      <class name="com.mktp.mktp_project.testRunner.AndroidWebRunner">
        <test-method status="PASS" signature="setUpClass()[pri:0, instance:com.mktp.mktp_project.testRunner.AndroidWebRunner@5e57643e]" name="setUpClass" is-config="true" duration-ms="591" started-at="2021-01-25T11:52:41 IST" finished-at="2021-01-25T11:52:42 IST">
          <reporter-output>
          </reporter-output>
        </test-method> <!-- setUpClass -->
        <test-method status="PASS" signature="setUpClass(java.lang.String, java.lang.String, java.lang.String)[pri:0, instance:com.mktp.mktp_project.testRunner.AndroidWebRunner@5e57643e]" name="setUpClass" is-config="true" duration-ms="30" started-at="2021-01-25T11:52:42 IST" finished-at="2021-01-25T11:52:42 IST">
          <params>
            <param index="0">
              <value>
                <![CDATA[0.0.0.0:4723/wd/hub]]>
              </value>
            </param>
            <param index="1">
              <value>
                <![CDATA[c372d4c6]]>
              </value>
            </param>
            <param index="2">
              <value>
                <![CDATA[7.1]]>
              </value>
            </param>
          </params>
          <reporter-output>
          </reporter-output>
        </test-method> <!-- setUpClass -->
        <test-method status="PASS" signature="feature(cucumber.api.testng.CucumberFeatureWrapper)[pri:0, instance:com.mktp.mktp_project.testRunner.AndroidWebRunner@5e57643e]" name="feature" duration-ms="665" started-at="2021-01-25T11:52:42 IST" description="Runs Cucumber Feature" data-provider="features" finished-at="2021-01-25T11:52:42 IST">
          <params>
            <param index="0">
              <value>
                <![CDATA[User Registration]]>
              </value>
            </param>
          </params>
          <reporter-output>
          </reporter-output>
        </test-method> <!-- feature -->
        <test-method status="PASS" signature="tearDownClass()[pri:0, instance:com.mktp.mktp_project.testRunner.AndroidWebRunner@5e57643e]" name="tearDownClass" is-config="true" duration-ms="632" started-at="2021-01-25T11:52:42 IST" finished-at="2021-01-25T11:52:43 IST">
          <reporter-output>
          </reporter-output>
        </test-method> <!-- tearDownClass -->
      </class> <!-- com.mktp.mktp_project.testRunner.AndroidWebRunner -->
    </test> <!-- Test2 -->
  </suite> <!-- AndroidWebRunner -->
</testng-results>
